0 info it worked if it ends with ok
1 verbose cli [ 'C:\\Program Files\\nodejs\\node.exe',
1 verbose cli   'C:\\Program Files\\nodejs\\node_modules\\npm\\bin\\npm-cli.js',
1 verbose cli   'install',
1 verbose cli   '-g',
1 verbose cli   'parcel',
1 verbose cli   '--registry=https://registry.npm.taobao.org' ]
2 info using npm@4.1.2
3 info using node@v7.6.0
4 silly loadCurrentTree Starting
5 silly install loadCurrentTree
6 silly install readGlobalPackageData
7 silly fetchPackageMetaData parcel
8 silly fetchNamedPackageData parcel
9 silly mapToRegistry name parcel
10 silly mapToRegistry using default registry
11 silly mapToRegistry registry https://registry.npm.taobao.org/
12 silly mapToRegistry data Result {
12 silly mapToRegistry   raw: 'parcel',
12 silly mapToRegistry   scope: null,
12 silly mapToRegistry   escapedName: 'parcel',
12 silly mapToRegistry   name: 'parcel',
12 silly mapToRegistry   rawSpec: '',
12 silly mapToRegistry   spec: 'latest',
12 silly mapToRegistry   type: 'tag' }
13 silly mapToRegistry uri https://registry.npm.taobao.org/parcel
14 verbose request uri https://registry.npm.taobao.org/parcel
15 verbose request no auth needed
16 info attempt registry request try #1 at 17:39:43
17 verbose request id bf9edb14983b061a
18 http request GET https://registry.npm.taobao.org/parcel
19 http 200 https://registry.npm.taobao.org/parcel
20 verbose headers { date: 'Wed, 03 Jan 2018 09:38:21 GMT',
20 verbose headers   'content-type': 'application/json; charset=utf-8',
20 verbose headers   'content-length': '3777',
20 verbose headers   connection: 'keep-alive',
20 verbose headers   'x-current-requests': '1',
20 verbose headers   etag: '"ec1-ilqNCBiCAe5QJyJS/MZQVctf/P4"',
20 verbose headers   'x-readtime': '21' }
21 silly get cb [ 200,
21 silly get   { date: 'Wed, 03 Jan 2018 09:38:21 GMT',
21 silly get     'content-type': 'application/json; charset=utf-8',
21 silly get     'content-length': '3777',
21 silly get     connection: 'keep-alive',
21 silly get     'x-current-requests': '1',
21 silly get     etag: '"ec1-ilqNCBiCAe5QJyJS/MZQVctf/P4"',
21 silly get     'x-readtime': '21' } ]
22 verbose get saving parcel to C:\Users\wangj28\AppData\Roaming\npm-cache\registry.npm.taobao.org\parcel\.cache.json
23 verbose correctMkdir C:\Users\wangj28\AppData\Roaming\npm-cache correctMkdir not in flight; initializing
24 silly install normalizeTree
25 silly loadCurrentTree Finishing
26 silly loadIdealTree Starting
27 silly install loadIdealTree
28 silly cloneCurrentTree Starting
29 silly install cloneCurrentTreeToIdealTree
30 silly cloneCurrentTree Finishing
31 silly loadShrinkwrap Starting
32 silly install loadShrinkwrap
33 silly loadShrinkwrap Finishing
34 silly loadAllDepsIntoIdealTree Starting
35 silly install loadAllDepsIntoIdealTree
36 silly resolveWithNewModule parcel@0.0.1 checking installable status
37 silly cache add args [ 'parcel', null ]
38 verbose cache add spec parcel
39 silly cache add parsed spec Result {
39 silly cache add   raw: 'parcel',
39 silly cache add   scope: null,
39 silly cache add   escapedName: 'parcel',
39 silly cache add   name: 'parcel',
39 silly cache add   rawSpec: '',
39 silly cache add   spec: 'latest',
39 silly cache add   type: 'tag' }
40 silly addNamed parcel@latest
41 verbose addNamed "latest" is being treated as a dist-tag for parcel
42 info addNameTag [ 'parcel', 'latest' ]
43 silly mapToRegistry name parcel
44 silly mapToRegistry using default registry
45 silly mapToRegistry registry https://registry.npm.taobao.org/
46 silly mapToRegistry data Result {
46 silly mapToRegistry   raw: 'parcel',
46 silly mapToRegistry   scope: null,
46 silly mapToRegistry   escapedName: 'parcel',
46 silly mapToRegistry   name: 'parcel',
46 silly mapToRegistry   rawSpec: '',
46 silly mapToRegistry   spec: 'latest',
46 silly mapToRegistry   type: 'tag' }
47 silly mapToRegistry uri https://registry.npm.taobao.org/parcel
48 verbose addNameTag registry:https://registry.npm.taobao.org/parcel not in flight; fetching
49 verbose get https://registry.npm.taobao.org/parcel not expired, no request
50 silly addNameTag next cb for parcel with tag latest
51 silly addNamed parcel@0.0.1
52 verbose addNamed "0.0.1" is a plain semver version for parcel
53 silly cache afterAdd parcel@0.0.1
54 verbose afterAdd C:\Users\wangj28\AppData\Roaming\npm-cache\parcel\0.0.1\package\package.json not in flight; writing
55 verbose correctMkdir C:\Users\wangj28\AppData\Roaming\npm-cache correctMkdir not in flight; initializing
56 verbose afterAdd C:\Users\wangj28\AppData\Roaming\npm-cache\parcel\0.0.1\package\package.json written
57 silly fetchNamedPackageData commander
58 silly mapToRegistry name commander
59 silly mapToRegistry using default registry
60 silly mapToRegistry registry https://registry.npm.taobao.org/
61 silly mapToRegistry data Result {
61 silly mapToRegistry   raw: 'commander',
61 silly mapToRegistry   scope: null,
61 silly mapToRegistry   escapedName: 'commander',
61 silly mapToRegistry   name: 'commander',
61 silly mapToRegistry   rawSpec: '',
61 silly mapToRegistry   spec: 'latest',
61 silly mapToRegistry   type: 'tag' }
62 silly mapToRegistry uri https://registry.npm.taobao.org/commander
63 silly fetchNamedPackageData path-extra
64 silly mapToRegistry name path-extra
65 silly mapToRegistry using default registry
66 silly mapToRegistry registry https://registry.npm.taobao.org/
67 silly mapToRegistry data Result {
67 silly mapToRegistry   raw: 'path-extra',
67 silly mapToRegistry   scope: null,
67 silly mapToRegistry   escapedName: 'path-extra',
67 silly mapToRegistry   name: 'path-extra',
67 silly mapToRegistry   rawSpec: '',
67 silly mapToRegistry   spec: 'latest',
67 silly mapToRegistry   type: 'tag' }
68 silly mapToRegistry uri https://registry.npm.taobao.org/path-extra
69 silly fetchNamedPackageData aws-sdk
70 silly mapToRegistry name aws-sdk
71 silly mapToRegistry using default registry
72 silly mapToRegistry registry https://registry.npm.taobao.org/
73 silly mapToRegistry data Result {
73 silly mapToRegistry   raw: 'aws-sdk',
73 silly mapToRegistry   scope: null,
73 silly mapToRegistry   escapedName: 'aws-sdk',
73 silly mapToRegistry   name: 'aws-sdk',
73 silly mapToRegistry   rawSpec: '',
73 silly mapToRegistry   spec: 'latest',
73 silly mapToRegistry   type: 'tag' }
74 silly mapToRegistry uri https://registry.npm.taobao.org/aws-sdk
75 silly fetchNamedPackageData debug
76 silly mapToRegistry name debug
77 silly mapToRegistry using default registry
78 silly mapToRegistry registry https://registry.npm.taobao.org/
79 silly mapToRegistry data Result {
79 silly mapToRegistry   raw: 'debug',
79 silly mapToRegistry   scope: null,
79 silly mapToRegistry   escapedName: 'debug',
79 silly mapToRegistry   name: 'debug',
79 silly mapToRegistry   rawSpec: '',
79 silly mapToRegistry   spec: 'latest',
79 silly mapToRegistry   type: 'tag' }
80 silly mapToRegistry uri https://registry.npm.taobao.org/debug
81 verbose request uri https://registry.npm.taobao.org/path-extra
82 verbose request no auth needed
83 info attempt registry request try #1 at 17:39:43
84 http request GET https://registry.npm.taobao.org/path-extra
85 verbose request uri https://registry.npm.taobao.org/aws-sdk
86 verbose request no auth needed
87 info attempt registry request try #1 at 17:39:43
88 http request GET https://registry.npm.taobao.org/aws-sdk
89 verbose request uri https://registry.npm.taobao.org/commander
90 verbose request no auth needed
91 info attempt registry request try #1 at 17:39:43
92 verbose etag "1508a-R5D/Rd7kx3t8FkKYDG8AgC+ouVg"
93 http request GET https://registry.npm.taobao.org/commander
94 verbose request uri https://registry.npm.taobao.org/debug
95 verbose request no auth needed
96 info attempt registry request try #1 at 17:39:43
97 verbose etag "1c403-JxR3e7Q1cWA4sv1RRXzcVF8Pno8"
98 http request GET https://registry.npm.taobao.org/debug
99 http 200 https://registry.npm.taobao.org/path-extra
100 verbose headers { date: 'Wed, 03 Jan 2018 09:38:21 GMT',
100 verbose headers   'content-type': 'application/json; charset=utf-8',
100 verbose headers   'content-length': '26723',
100 verbose headers   connection: 'keep-alive',
100 verbose headers   'x-current-requests': '1',
100 verbose headers   etag: '"6863-Fa/st2R3w4sMTRKz9rtRtcQT2lU"',
100 verbose headers   'x-readtime': '18' }
101 silly get cb [ 200,
101 silly get   { date: 'Wed, 03 Jan 2018 09:38:21 GMT',
101 silly get     'content-type': 'application/json; charset=utf-8',
101 silly get     'content-length': '26723',
101 silly get     connection: 'keep-alive',
101 silly get     'x-current-requests': '1',
101 silly get     etag: '"6863-Fa/st2R3w4sMTRKz9rtRtcQT2lU"',
101 silly get     'x-readtime': '18' } ]
102 verbose get saving path-extra to C:\Users\wangj28\AppData\Roaming\npm-cache\registry.npm.taobao.org\path-extra\.cache.json
103 verbose correctMkdir C:\Users\wangj28\AppData\Roaming\npm-cache correctMkdir not in flight; initializing
104 silly pickManifestFromRegistryMetadata spec >=0.1.0 <0.2.0 tag latest versions [ '4.2.1',
104 silly pickManifestFromRegistryMetadata   '4.2.0',
104 silly pickManifestFromRegistryMetadata   '4.1.0',
104 silly pickManifestFromRegistryMetadata   '4.0.0',
104 silly pickManifestFromRegistryMetadata   '3.0.0',
104 silly pickManifestFromRegistryMetadata   '2.0.0',
104 silly pickManifestFromRegistryMetadata   '1.0.3',
104 silly pickManifestFromRegistryMetadata   '1.0.2',
104 silly pickManifestFromRegistryMetadata   '1.0.1',
104 silly pickManifestFromRegistryMetadata   '1.0.0',
104 silly pickManifestFromRegistryMetadata   '0.3.0',
104 silly pickManifestFromRegistryMetadata   '0.2.1',
104 silly pickManifestFromRegistryMetadata   '0.2.0',
104 silly pickManifestFromRegistryMetadata   '0.1.1',
104 silly pickManifestFromRegistryMetadata   '0.1.0',
104 silly pickManifestFromRegistryMetadata   '0.0.3',
104 silly pickManifestFromRegistryMetadata   '0.0.2',
104 silly pickManifestFromRegistryMetadata   '0.0.1' ]
105 silly resolveWithNewModule path-extra@0.1.1 checking installable status
106 silly cache add args [ 'path-extra@0.1.x', null ]
107 verbose cache add spec path-extra@0.1.x
108 silly cache add parsed spec Result {
108 silly cache add   raw: 'path-extra@0.1.x',
108 silly cache add   scope: null,
108 silly cache add   escapedName: 'path-extra',
108 silly cache add   name: 'path-extra',
108 silly cache add   rawSpec: '0.1.x',
108 silly cache add   spec: '>=0.1.0 <0.2.0',
108 silly cache add   type: 'range' }
109 silly addNamed path-extra@>=0.1.0 <0.2.0
110 verbose addNamed ">=0.1.0 <0.2.0" is a valid semver range for path-extra
111 silly addNameRange { name: 'path-extra', range: '>=0.1.0 <0.2.0', hasData: false }
112 silly mapToRegistry name path-extra
113 silly mapToRegistry using default registry
114 silly mapToRegistry registry https://registry.npm.taobao.org/
115 silly mapToRegistry data Result {
115 silly mapToRegistry   raw: 'path-extra',
115 silly mapToRegistry   scope: null,
115 silly mapToRegistry   escapedName: 'path-extra',
115 silly mapToRegistry   name: 'path-extra',
115 silly mapToRegistry   rawSpec: '',
115 silly mapToRegistry   spec: 'latest',
115 silly mapToRegistry   type: 'tag' }
116 silly mapToRegistry uri https://registry.npm.taobao.org/path-extra
117 verbose addNameRange registry:https://registry.npm.taobao.org/path-extra not in flight; fetching
118 verbose get https://registry.npm.taobao.org/path-extra not expired, no request
119 silly addNameRange number 2 { name: 'path-extra', range: '>=0.1.0 <0.2.0', hasData: true }
120 silly addNameRange versions [ 'path-extra',
120 silly addNameRange   [ '4.2.1',
120 silly addNameRange     '4.2.0',
120 silly addNameRange     '4.1.0',
120 silly addNameRange     '4.0.0',
120 silly addNameRange     '3.0.0',
120 silly addNameRange     '2.0.0',
120 silly addNameRange     '1.0.3',
120 silly addNameRange     '1.0.2',
120 silly addNameRange     '1.0.1',
120 silly addNameRange     '1.0.0',
120 silly addNameRange     '0.3.0',
120 silly addNameRange     '0.2.1',
120 silly addNameRange     '0.2.0',
120 silly addNameRange     '0.1.1',
120 silly addNameRange     '0.1.0',
120 silly addNameRange     '0.0.3',
120 silly addNameRange     '0.0.2',
120 silly addNameRange     '0.0.1' ] ]
121 silly pickManifestFromRegistryMetadata spec >=0.1.0 <0.2.0 tag latest versions [ '4.2.1',
121 silly pickManifestFromRegistryMetadata   '4.2.0',
121 silly pickManifestFromRegistryMetadata   '4.1.0',
121 silly pickManifestFromRegistryMetadata   '4.0.0',
121 silly pickManifestFromRegistryMetadata   '3.0.0',
121 silly pickManifestFromRegistryMetadata   '2.0.0',
121 silly pickManifestFromRegistryMetadata   '1.0.3',
121 silly pickManifestFromRegistryMetadata   '1.0.2',
121 silly pickManifestFromRegistryMetadata   '1.0.1',
121 silly pickManifestFromRegistryMetadata   '1.0.0',
121 silly pickManifestFromRegistryMetadata   '0.3.0',
121 silly pickManifestFromRegistryMetadata   '0.2.1',
121 silly pickManifestFromRegistryMetadata   '0.2.0',
121 silly pickManifestFromRegistryMetadata   '0.1.1',
121 silly pickManifestFromRegistryMetadata   '0.1.0',
121 silly pickManifestFromRegistryMetadata   '0.0.3',
121 silly pickManifestFromRegistryMetadata   '0.0.2',
121 silly pickManifestFromRegistryMetadata   '0.0.1' ]
122 silly addNamed path-extra@0.1.1
123 verbose addNamed "0.1.1" is a plain semver version for path-extra
124 silly cache afterAdd path-extra@0.1.1
125 verbose afterAdd C:\Users\wangj28\AppData\Roaming\npm-cache\path-extra\0.1.1\package\package.json not in flight; writing
126 verbose correctMkdir C:\Users\wangj28\AppData\Roaming\npm-cache correctMkdir not in flight; initializing
127 verbose afterAdd C:\Users\wangj28\AppData\Roaming\npm-cache\path-extra\0.1.1\package\package.json written
128 http 200 https://registry.npm.taobao.org/commander
129 verbose headers { date: 'Wed, 03 Jan 2018 09:38:21 GMT',
129 verbose headers   'content-type': 'application/json; charset=utf-8',
129 verbose headers   'content-length': '92651',
129 verbose headers   connection: 'keep-alive',
129 verbose headers   'x-current-requests': '1',
129 verbose headers   etag: '"169eb-ivdGQzjtWP6r0nnB2jO6FDNFxRo"',
129 verbose headers   'x-readtime': '44' }
130 silly get cb [ 200,
130 silly get   { date: 'Wed, 03 Jan 2018 09:38:21 GMT',
130 silly get     'content-type': 'application/json; charset=utf-8',
130 silly get     'content-length': '92651',
130 silly get     connection: 'keep-alive',
130 silly get     'x-current-requests': '1',
130 silly get     etag: '"169eb-ivdGQzjtWP6r0nnB2jO6FDNFxRo"',
130 silly get     'x-readtime': '44' } ]
131 verbose get saving commander to C:\Users\wangj28\AppData\Roaming\npm-cache\registry.npm.taobao.org\commander\.cache.json
132 verbose correctMkdir C:\Users\wangj28\AppData\Roaming\npm-cache correctMkdir not in flight; initializing
133 silly pickManifestFromRegistryMetadata spec >=1.0.0 <2.0.0 tag latest versions [ '2.12.2',
133 silly pickManifestFromRegistryMetadata   '2.12.1',
133 silly pickManifestFromRegistryMetadata   '2.12.0',
133 silly pickManifestFromRegistryMetadata   '2.11.0',
133 silly pickManifestFromRegistryMetadata   '2.10.0',
133 silly pickManifestFromRegistryMetadata   '2.9.0',
133 silly pickManifestFromRegistryMetadata   '2.8.1',
133 silly pickManifestFromRegistryMetadata   '2.8.0',
133 silly pickManifestFromRegistryMetadata   '2.7.1',
133 silly pickManifestFromRegistryMetadata   '2.7.0',
133 silly pickManifestFromRegistryMetadata   '2.6.0',
133 silly pickManifestFromRegistryMetadata   '2.5.1',
133 silly pickManifestFromRegistryMetadata   '2.5.0',
133 silly pickManifestFromRegistryMetadata   '2.4.0',
133 silly pickManifestFromRegistryMetadata   '2.3.0',
133 silly pickManifestFromRegistryMetadata   '2.2.0',
133 silly pickManifestFromRegistryMetadata   '2.1.0',
133 silly pickManifestFromRegistryMetadata   '2.0.0',
133 silly pickManifestFromRegistryMetadata   '1.3.2',
133 silly pickManifestFromRegistryMetadata   '1.3.1',
133 silly pickManifestFromRegistryMetadata   '1.3.0',
133 silly pickManifestFromRegistryMetadata   '1.2.0',
133 silly pickManifestFromRegistryMetadata   '1.1.1',
133 silly pickManifestFromRegistryMetadata   '1.1.0',
133 silly pickManifestFromRegistryMetadata   '1.0.5',
133 silly pickManifestFromRegistryMetadata   '1.0.4',
133 silly pickManifestFromRegistryMetadata   '1.0.3',
133 silly pickManifestFromRegistryMetadata   '1.0.2',
133 silly pickManifestFromRegistryMetadata   '1.0.1',
133 silly pickManifestFromRegistryMetadata   '1.0.0',
133 silly pickManifestFromRegistryMetadata   '0.5.2',
133 silly pickManifestFromRegistryMetadata   '0.6.1',
133 silly pickManifestFromRegistryMetadata   '0.6.0',
133 silly pickManifestFromRegistryMetadata   '0.5.1',
133 silly pickManifestFromRegistryMetadata   '0.5.0',
133 silly pickManifestFromRegistryMetadata   '0.4.3',
133 silly pickManifestFromRegistryMetadata   '0.4.2',
133 silly pickManifestFromRegistryMetadata   '0.4.1',
133 silly pickManifestFromRegistryMetadata   '0.4.0',
133 silly pickManifestFromRegistryMetadata   '0.3.3',
133 silly pickManifestFromRegistryMetadata   '0.3.2',
133 silly pickManifestFromRegistryMetadata   '0.3.1',
133 silly pickManifestFromRegistryMetadata   '0.3.0',
133 silly pickManifestFromRegistryMetadata   '0.2.1',
133 silly pickManifestFromRegistryMetadata   '0.2.0',
133 silly pickManifestFromRegistryMetadata   '0.1.0',
133 silly pickManifestFromRegistryMetadata   '0.0.5',
133 silly pickManifestFromRegistryMetadata   '0.0.4',
133 silly pickManifestFromRegistryMetadata   '0.0.3',
133 silly pickManifestFromRegistryMetadata   '0.0.1' ]
134 silly resolveWithNewModule commander@1.3.2 checking installable status
135 silly cache add args [ 'commander@1.x.x', null ]
136 verbose cache add spec commander@1.x.x
137 silly cache add parsed spec Result {
137 silly cache add   raw: 'commander@1.x.x',
137 silly cache add   scope: null,
137 silly cache add   escapedName: 'commander',
137 silly cache add   name: 'commander',
137 silly cache add   rawSpec: '1.x.x',
137 silly cache add   spec: '>=1.0.0 <2.0.0',
137 silly cache add   type: 'range' }
138 silly addNamed commander@>=1.0.0 <2.0.0
139 verbose addNamed ">=1.0.0 <2.0.0" is a valid semver range for commander
140 silly addNameRange { name: 'commander', range: '>=1.0.0 <2.0.0', hasData: false }
141 silly mapToRegistry name commander
142 silly mapToRegistry using default registry
143 silly mapToRegistry registry https://registry.npm.taobao.org/
144 silly mapToRegistry data Result {
144 silly mapToRegistry   raw: 'commander',
144 silly mapToRegistry   scope: null,
144 silly mapToRegistry   escapedName: 'commander',
144 silly mapToRegistry   name: 'commander',
144 silly mapToRegistry   rawSpec: '',
144 silly mapToRegistry   spec: 'latest',
144 silly mapToRegistry   type: 'tag' }
145 silly mapToRegistry uri https://registry.npm.taobao.org/commander
146 verbose addNameRange registry:https://registry.npm.taobao.org/commander not in flight; fetching
147 verbose get https://registry.npm.taobao.org/commander not expired, no request
148 silly addNameRange number 2 { name: 'commander', range: '>=1.0.0 <2.0.0', hasData: true }
149 silly addNameRange versions [ 'commander',
149 silly addNameRange   [ '2.12.2',
149 silly addNameRange     '2.12.1',
149 silly addNameRange     '2.12.0',
149 silly addNameRange     '2.11.0',
149 silly addNameRange     '2.10.0',
149 silly addNameRange     '2.9.0',
149 silly addNameRange     '2.8.1',
149 silly addNameRange     '2.8.0',
149 silly addNameRange     '2.7.1',
149 silly addNameRange     '2.7.0',
149 silly addNameRange     '2.6.0',
149 silly addNameRange     '2.5.1',
149 silly addNameRange     '2.5.0',
149 silly addNameRange     '2.4.0',
149 silly addNameRange     '2.3.0',
149 silly addNameRange     '2.2.0',
149 silly addNameRange     '2.1.0',
149 silly addNameRange     '2.0.0',
149 silly addNameRange     '1.3.2',
149 silly addNameRange     '1.3.1',
149 silly addNameRange     '1.3.0',
149 silly addNameRange     '1.2.0',
149 silly addNameRange     '1.1.1',
149 silly addNameRange     '1.1.0',
149 silly addNameRange     '1.0.5',
149 silly addNameRange     '1.0.4',
149 silly addNameRange     '1.0.3',
149 silly addNameRange     '1.0.2',
149 silly addNameRange     '1.0.1',
149 silly addNameRange     '1.0.0',
149 silly addNameRange     '0.5.2',
149 silly addNameRange     '0.6.1',
149 silly addNameRange     '0.6.0',
149 silly addNameRange     '0.5.1',
149 silly addNameRange     '0.5.0',
149 silly addNameRange     '0.4.3',
149 silly addNameRange     '0.4.2',
149 silly addNameRange     '0.4.1',
149 silly addNameRange     '0.4.0',
149 silly addNameRange     '0.3.3',
149 silly addNameRange     '0.3.2',
149 silly addNameRange     '0.3.1',
149 silly addNameRange     '0.3.0',
149 silly addNameRange     '0.2.1',
149 silly addNameRange     '0.2.0',
149 silly addNameRange     '0.1.0',
149 silly addNameRange     '0.0.5',
149 silly addNameRange     '0.0.4',
149 silly addNameRange     '0.0.3',
149 silly addNameRange     '0.0.1' ] ]
150 silly pickManifestFromRegistryMetadata spec >=1.0.0 <2.0.0 tag latest versions [ '2.12.2',
150 silly pickManifestFromRegistryMetadata   '2.12.1',
150 silly pickManifestFromRegistryMetadata   '2.12.0',
150 silly pickManifestFromRegistryMetadata   '2.11.0',
150 silly pickManifestFromRegistryMetadata   '2.10.0',
150 silly pickManifestFromRegistryMetadata   '2.9.0',
150 silly pickManifestFromRegistryMetadata   '2.8.1',
150 silly pickManifestFromRegistryMetadata   '2.8.0',
150 silly pickManifestFromRegistryMetadata   '2.7.1',
150 silly pickManifestFromRegistryMetadata   '2.7.0',
150 silly pickManifestFromRegistryMetadata   '2.6.0',
150 silly pickManifestFromRegistryMetadata   '2.5.1',
150 silly pickManifestFromRegistryMetadata   '2.5.0',
150 silly pickManifestFromRegistryMetadata   '2.4.0',
150 silly pickManifestFromRegistryMetadata   '2.3.0',
150 silly pickManifestFromRegistryMetadata   '2.2.0',
150 silly pickManifestFromRegistryMetadata   '2.1.0',
150 silly pickManifestFromRegistryMetadata   '2.0.0',
150 silly pickManifestFromRegistryMetadata   '1.3.2',
150 silly pickManifestFromRegistryMetadata   '1.3.1',
150 silly pickManifestFromRegistryMetadata   '1.3.0',
150 silly pickManifestFromRegistryMetadata   '1.2.0',
150 silly pickManifestFromRegistryMetadata   '1.1.1',
150 silly pickManifestFromRegistryMetadata   '1.1.0',
150 silly pickManifestFromRegistryMetadata   '1.0.5',
150 silly pickManifestFromRegistryMetadata   '1.0.4',
150 silly pickManifestFromRegistryMetadata   '1.0.3',
150 silly pickManifestFromRegistryMetadata   '1.0.2',
150 silly pickManifestFromRegistryMetadata   '1.0.1',
150 silly pickManifestFromRegistryMetadata   '1.0.0',
150 silly pickManifestFromRegistryMetadata   '0.5.2',
150 silly pickManifestFromRegistryMetadata   '0.6.1',
150 silly pickManifestFromRegistryMetadata   '0.6.0',
150 silly pickManifestFromRegistryMetadata   '0.5.1',
150 silly pickManifestFromRegistryMetadata   '0.5.0',
150 silly pickManifestFromRegistryMetadata   '0.4.3',
150 silly pickManifestFromRegistryMetadata   '0.4.2',
150 silly pickManifestFromRegistryMetadata   '0.4.1',
150 silly pickManifestFromRegistryMetadata   '0.4.0',
150 silly pickManifestFromRegistryMetadata   '0.3.3',
150 silly pickManifestFromRegistryMetadata   '0.3.2',
150 silly pickManifestFromRegistryMetadata   '0.3.1',
150 silly pickManifestFromRegistryMetadata   '0.3.0',
150 silly pickManifestFromRegistryMetadata   '0.2.1',
150 silly pickManifestFromRegistryMetadata   '0.2.0',
150 silly pickManifestFromRegistryMetadata   '0.1.0',
150 silly pickManifestFromRegistryMetadata   '0.0.5',
150 silly pickManifestFromRegistryMetadata   '0.0.4',
150 silly pickManifestFromRegistryMetadata   '0.0.3',
150 silly pickManifestFromRegistryMetadata   '0.0.1' ]
151 silly addNamed commander@1.3.2
152 verbose addNamed "1.3.2" is a plain semver version for commander
153 silly cache afterAdd commander@1.3.2
154 verbose afterAdd C:\Users\wangj28\AppData\Roaming\npm-cache\commander\1.3.2\package\package.json not in flight; writing
155 verbose correctMkdir C:\Users\wangj28\AppData\Roaming\npm-cache correctMkdir not in flight; initializing
156 verbose afterAdd C:\Users\wangj28\AppData\Roaming\npm-cache\commander\1.3.2\package\package.json written
157 http 200 https://registry.npm.taobao.org/debug
158 verbose headers { date: 'Wed, 03 Jan 2018 09:38:21 GMT',
158 verbose headers   'content-type': 'application/json; charset=utf-8',
158 verbose headers   'content-length': '115810',
158 verbose headers   connection: 'keep-alive',
158 verbose headers   'x-current-requests': '1',
158 verbose headers   vary: 'Origin',
158 verbose headers   etag: '"1c462-2u+l6W4qmKz8x+kdhPbSpctIFX0"',
158 verbose headers   'x-readtime': '37' }
159 silly get cb [ 200,
159 silly get   { date: 'Wed, 03 Jan 2018 09:38:21 GMT',
159 silly get     'content-type': 'application/json; charset=utf-8',
159 silly get     'content-length': '115810',
159 silly get     connection: 'keep-alive',
159 silly get     'x-current-requests': '1',
159 silly get     vary: 'Origin',
159 silly get     etag: '"1c462-2u+l6W4qmKz8x+kdhPbSpctIFX0"',
159 silly get     'x-readtime': '37' } ]
160 verbose get saving debug to C:\Users\wangj28\AppData\Roaming\npm-cache\registry.npm.taobao.org\debug\.cache.json
161 verbose correctMkdir C:\Users\wangj28\AppData\Roaming\npm-cache correctMkdir not in flight; initializing
162 silly pickManifestFromRegistryMetadata spec >=0.7.0 <0.8.0 tag latest versions [ '3.1.0',
162 silly pickManifestFromRegistryMetadata   '2.6.9',
162 silly pickManifestFromRegistryMetadata   '3.0.1',
162 silly pickManifestFromRegistryMetadata   '3.0.0',
162 silly pickManifestFromRegistryMetadata   '1.0.5',
162 silly pickManifestFromRegistryMetadata   '2.6.8',
162 silly pickManifestFromRegistryMetadata   '2.6.7',
162 silly pickManifestFromRegistryMetadata   '2.6.6',
162 silly pickManifestFromRegistryMetadata   '2.6.5',
162 silly pickManifestFromRegistryMetadata   '2.6.4',
162 silly pickManifestFromRegistryMetadata   '2.6.3',
162 silly pickManifestFromRegistryMetadata   '2.6.2',
162 silly pickManifestFromRegistryMetadata   '2.6.1',
162 silly pickManifestFromRegistryMetadata   '2.6.0',
162 silly pickManifestFromRegistryMetadata   '2.5.2',
162 silly pickManifestFromRegistryMetadata   '2.5.1',
162 silly pickManifestFromRegistryMetadata   '2.5.0',
162 silly pickManifestFromRegistryMetadata   '2.4.5',
162 silly pickManifestFromRegistryMetadata   '2.4.4',
162 silly pickManifestFromRegistryMetadata   '2.4.3',
162 silly pickManifestFromRegistryMetadata   '2.4.2',
162 silly pickManifestFromRegistryMetadata   '2.4.1',
162 silly pickManifestFromRegistryMetadata   '2.4.0',
162 silly pickManifestFromRegistryMetadata   '2.3.3',
162 silly pickManifestFromRegistryMetadata   '2.3.2',
162 silly pickManifestFromRegistryMetadata   '2.3.1',
162 silly pickManifestFromRegistryMetadata   '2.3.0',
162 silly pickManifestFromRegistryMetadata   '2.2.0',
162 silly pickManifestFromRegistryMetadata   '2.1.3',
162 silly pickManifestFromRegistryMetadata   '2.1.2',
162 silly pickManifestFromRegistryMetadata   '2.1.1',
162 silly pickManifestFromRegistryMetadata   '2.1.0',
162 silly pickManifestFromRegistryMetadata   '2.0.0',
162 silly pickManifestFromRegistryMetadata   '1.0.4',
162 silly pickManifestFromRegistryMetadata   '1.0.3',
162 silly pickManifestFromRegistryMetadata   '1.0.2',
162 silly pickManifestFromRegistryMetadata   '1.0.1',
162 silly pickManifestFromRegistryMetadata   '1.0.0',
162 silly pickManifestFromRegistryMetadata   '0.8.1',
162 silly pickManifestFromRegistryMetadata   '0.8.0',
162 silly pickManifestFromRegistryMetadata   '0.7.4',
162 silly pickManifestFromRegistryMetadata   '0.7.3',
162 silly pickManifestFromRegistryMetadata   '0.7.2',
162 silly pickManifestFromRegistryMetadata   '0.7.1',
162 silly pickManifestFromRegistryMetadata   '0.7.0',
162 silly pickManifestFromRegistryMetadata   '0.6.0',
162 silly pickManifestFromRegistryMetadata   '0.5.0',
162 silly pickManifestFromRegistryMetadata   '0.4.1',
162 silly pickManifestFromRegistryMetadata   '0.4.0',
162 silly pickManifestFromRegistryMetadata   '0.3.0',
162 silly pickManifestFromRegistryMetadata   '0.2.0',
162 silly pickManifestFromRegistryMetadata   '0.1.0',
162 silly pickManifestFromRegistryMetadata   '0.0.1' ]
163 silly resolveWithNewModule debug@0.7.4 checking installable status
164 silly cache add args [ 'debug@0.7.x', null ]
165 verbose cache add spec debug@0.7.x
166 silly cache add parsed spec Result {
166 silly cache add   raw: 'debug@0.7.x',
166 silly cache add   scope: null,
166 silly cache add   escapedName: 'debug',
166 silly cache add   name: 'debug',
166 silly cache add   rawSpec: '0.7.x',
166 silly cache add   spec: '>=0.7.0 <0.8.0',
166 silly cache add   type: 'range' }
167 silly addNamed debug@>=0.7.0 <0.8.0
168 verbose addNamed ">=0.7.0 <0.8.0" is a valid semver range for debug
169 silly addNameRange { name: 'debug', range: '>=0.7.0 <0.8.0', hasData: false }
170 silly mapToRegistry name debug
171 silly mapToRegistry using default registry
172 silly mapToRegistry registry https://registry.npm.taobao.org/
173 silly mapToRegistry data Result {
173 silly mapToRegistry   raw: 'debug',
173 silly mapToRegistry   scope: null,
173 silly mapToRegistry   escapedName: 'debug',
173 silly mapToRegistry   name: 'debug',
173 silly mapToRegistry   rawSpec: '',
173 silly mapToRegistry   spec: 'latest',
173 silly mapToRegistry   type: 'tag' }
174 silly mapToRegistry uri https://registry.npm.taobao.org/debug
175 verbose addNameRange registry:https://registry.npm.taobao.org/debug not in flight; fetching
176 verbose get https://registry.npm.taobao.org/debug not expired, no request
177 silly addNameRange number 2 { name: 'debug', range: '>=0.7.0 <0.8.0', hasData: true }
178 silly addNameRange versions [ 'debug',
178 silly addNameRange   [ '3.1.0',
178 silly addNameRange     '2.6.9',
178 silly addNameRange     '3.0.1',
178 silly addNameRange     '3.0.0',
178 silly addNameRange     '1.0.5',
178 silly addNameRange     '2.6.8',
178 silly addNameRange     '2.6.7',
178 silly addNameRange     '2.6.6',
178 silly addNameRange     '2.6.5',
178 silly addNameRange     '2.6.4',
178 silly addNameRange     '2.6.3',
178 silly addNameRange     '2.6.2',
178 silly addNameRange     '2.6.1',
178 silly addNameRange     '2.6.0',
178 silly addNameRange     '2.5.2',
178 silly addNameRange     '2.5.1',
178 silly addNameRange     '2.5.0',
178 silly addNameRange     '2.4.5',
178 silly addNameRange     '2.4.4',
178 silly addNameRange     '2.4.3',
178 silly addNameRange     '2.4.2',
178 silly addNameRange     '2.4.1',
178 silly addNameRange     '2.4.0',
178 silly addNameRange     '2.3.3',
178 silly addNameRange     '2.3.2',
178 silly addNameRange     '2.3.1',
178 silly addNameRange     '2.3.0',
178 silly addNameRange     '2.2.0',
178 silly addNameRange     '2.1.3',
178 silly addNameRange     '2.1.2',
178 silly addNameRange     '2.1.1',
178 silly addNameRange     '2.1.0',
178 silly addNameRange     '2.0.0',
178 silly addNameRange     '1.0.4',
178 silly addNameRange     '1.0.3',
178 silly addNameRange     '1.0.2',
178 silly addNameRange     '1.0.1',
178 silly addNameRange     '1.0.0',
178 silly addNameRange     '0.8.1',
178 silly addNameRange     '0.8.0',
178 silly addNameRange     '0.7.4',
178 silly addNameRange     '0.7.3',
178 silly addNameRange     '0.7.2',
178 silly addNameRange     '0.7.1',
178 silly addNameRange     '0.7.0',
178 silly addNameRange     '0.6.0',
178 silly addNameRange     '0.5.0',
178 silly addNameRange     '0.4.1',
178 silly addNameRange     '0.4.0',
178 silly addNameRange     '0.3.0',
178 silly addNameRange     '0.2.0',
178 silly addNameRange     '0.1.0',
178 silly addNameRange     '0.0.1' ] ]
179 silly pickManifestFromRegistryMetadata spec >=0.7.0 <0.8.0 tag latest versions [ '3.1.0',
179 silly pickManifestFromRegistryMetadata   '2.6.9',
179 silly pickManifestFromRegistryMetadata   '3.0.1',
179 silly pickManifestFromRegistryMetadata   '3.0.0',
179 silly pickManifestFromRegistryMetadata   '1.0.5',
179 silly pickManifestFromRegistryMetadata   '2.6.8',
179 silly pickManifestFromRegistryMetadata   '2.6.7',
179 silly pickManifestFromRegistryMetadata   '2.6.6',
179 silly pickManifestFromRegistryMetadata   '2.6.5',
179 silly pickManifestFromRegistryMetadata   '2.6.4',
179 silly pickManifestFromRegistryMetadata   '2.6.3',
179 silly pickManifestFromRegistryMetadata   '2.6.2',
179 silly pickManifestFromRegistryMetadata   '2.6.1',
179 silly pickManifestFromRegistryMetadata   '2.6.0',
179 silly pickManifestFromRegistryMetadata   '2.5.2',
179 silly pickManifestFromRegistryMetadata   '2.5.1',
179 silly pickManifestFromRegistryMetadata   '2.5.0',
179 silly pickManifestFromRegistryMetadata   '2.4.5',
179 silly pickManifestFromRegistryMetadata   '2.4.4',
179 silly pickManifestFromRegistryMetadata   '2.4.3',
179 silly pickManifestFromRegistryMetadata   '2.4.2',
179 silly pickManifestFromRegistryMetadata   '2.4.1',
179 silly pickManifestFromRegistryMetadata   '2.4.0',
179 silly pickManifestFromRegistryMetadata   '2.3.3',
179 silly pickManifestFromRegistryMetadata   '2.3.2',
179 silly pickManifestFromRegistryMetadata   '2.3.1',
179 silly pickManifestFromRegistryMetadata   '2.3.0',
179 silly pickManifestFromRegistryMetadata   '2.2.0',
179 silly pickManifestFromRegistryMetadata   '2.1.3',
179 silly pickManifestFromRegistryMetadata   '2.1.2',
179 silly pickManifestFromRegistryMetadata   '2.1.1',
179 silly pickManifestFromRegistryMetadata   '2.1.0',
179 silly pickManifestFromRegistryMetadata   '2.0.0',
179 silly pickManifestFromRegistryMetadata   '1.0.4',
179 silly pickManifestFromRegistryMetadata   '1.0.3',
179 silly pickManifestFromRegistryMetadata   '1.0.2',
179 silly pickManifestFromRegistryMetadata   '1.0.1',
179 silly pickManifestFromRegistryMetadata   '1.0.0',
179 silly pickManifestFromRegistryMetadata   '0.8.1',
179 silly pickManifestFromRegistryMetadata   '0.8.0',
179 silly pickManifestFromRegistryMetadata   '0.7.4',
179 silly pickManifestFromRegistryMetadata   '0.7.3',
179 silly pickManifestFromRegistryMetadata   '0.7.2',
179 silly pickManifestFromRegistryMetadata   '0.7.1',
179 silly pickManifestFromRegistryMetadata   '0.7.0',
179 silly pickManifestFromRegistryMetadata   '0.6.0',
179 silly pickManifestFromRegistryMetadata   '0.5.0',
179 silly pickManifestFromRegistryMetadata   '0.4.1',
179 silly pickManifestFromRegistryMetadata   '0.4.0',
179 silly pickManifestFromRegistryMetadata   '0.3.0',
179 silly pickManifestFromRegistryMetadata   '0.2.0',
179 silly pickManifestFromRegistryMetadata   '0.1.0',
179 silly pickManifestFromRegistryMetadata   '0.0.1' ]
180 silly addNamed debug@0.7.4
181 verbose addNamed "0.7.4" is a plain semver version for debug
182 silly cache afterAdd debug@0.7.4
183 verbose afterAdd C:\Users\wangj28\AppData\Roaming\npm-cache\debug\0.7.4\package\package.json not in flight; writing
184 verbose correctMkdir C:\Users\wangj28\AppData\Roaming\npm-cache correctMkdir not in flight; initializing
185 verbose afterAdd C:\Users\wangj28\AppData\Roaming\npm-cache\debug\0.7.4\package\package.json written
186 http 200 https://registry.npm.taobao.org/aws-sdk
187 verbose headers { date: 'Wed, 03 Jan 2018 09:38:21 GMT',
187 verbose headers   'content-type': 'application/json; charset=utf-8',
187 verbose headers   'content-length': '1696314',
187 verbose headers   connection: 'keep-alive',
187 verbose headers   'x-current-requests': '1',
187 verbose headers   etag: '"19e23a-gRY3sszgH21VdnbOjuOYYdL82kQ"',
187 verbose headers   'x-readtime': '110' }
188 silly get cb [ 200,
188 silly get   { date: 'Wed, 03 Jan 2018 09:38:21 GMT',
188 silly get     'content-type': 'application/json; charset=utf-8',
188 silly get     'content-length': '1696314',
188 silly get     connection: 'keep-alive',
188 silly get     'x-current-requests': '1',
188 silly get     etag: '"19e23a-gRY3sszgH21VdnbOjuOYYdL82kQ"',
188 silly get     'x-readtime': '110' } ]
189 verbose get saving aws-sdk to C:\Users\wangj28\AppData\Roaming\npm-cache\registry.npm.taobao.org\aws-sdk\.cache.json
190 verbose correctMkdir C:\Users\wangj28\AppData\Roaming\npm-cache correctMkdir not in flight; initializing
191 silly pickManifestFromRegistryMetadata spec >=0.9.0 <0.10.0 tag latest versions [ '2.176.0',
191 silly pickManifestFromRegistryMetadata   '2.175.0',
191 silly pickManifestFromRegistryMetadata   '2.174.0',
191 silly pickManifestFromRegistryMetadata   '2.173.0',
191 silly pickManifestFromRegistryMetadata   '2.172.0',
191 silly pickManifestFromRegistryMetadata   '2.171.0',
191 silly pickManifestFromRegistryMetadata   '2.170.0',
191 silly pickManifestFromRegistryMetadata   '2.169.0',
191 silly pickManifestFromRegistryMetadata   '2.168.0',
191 silly pickManifestFromRegistryMetadata   '2.167.0',
191 silly pickManifestFromRegistryMetadata   '2.166.0',
191 silly pickManifestFromRegistryMetadata   '2.165.0',
191 silly pickManifestFromRegistryMetadata   '2.164.0',
191 silly pickManifestFromRegistryMetadata   '2.163.0',
191 silly pickManifestFromRegistryMetadata   '2.162.0',
191 silly pickManifestFromRegistryMetadata   '2.161.0',
191 silly pickManifestFromRegistryMetadata   '2.160.0',
191 silly pickManifestFromRegistryMetadata   '2.159.0',
191 silly pickManifestFromRegistryMetadata   '2.158.0',
191 silly pickManifestFromRegistryMetadata   '2.157.0',
191 silly pickManifestFromRegistryMetadata   '2.156.0',
191 silly pickManifestFromRegistryMetadata   '2.155.0',
191 silly pickManifestFromRegistryMetadata   '2.154.0',
191 silly pickManifestFromRegistryMetadata   '2.153.0',
191 silly pickManifestFromRegistryMetadata   '2.152.0',
191 silly pickManifestFromRegistryMetadata   '2.151.0',
191 silly pickManifestFromRegistryMetadata   '2.150.0',
191 silly pickManifestFromRegistryMetadata   '2.149.0',
191 silly pickManifestFromRegistryMetadata   '2.148.0',
191 silly pickManifestFromRegistryMetadata   '2.147.0',
191 silly pickManifestFromRegistryMetadata   '2.146.0',
191 silly pickManifestFromRegistryMetadata   '2.145.0',
191 silly pickManifestFromRegistryMetadata   '2.144.0',
191 silly pickManifestFromRegistryMetadata   '2.143.0',
191 silly pickManifestFromRegistryMetadata   '2.142.0',
191 silly pickManifestFromRegistryMetadata   '2.141.0',
191 silly pickManifestFromRegistryMetadata   '2.140.0',
191 silly pickManifestFromRegistryMetadata   '2.139.0',
191 silly pickManifestFromRegistryMetadata   '2.138.0',
191 silly pickManifestFromRegistryMetadata   '2.137.0',
191 silly pickManifestFromRegistryMetadata   '2.136.0',
191 silly pickManifestFromRegistryMetadata   '2.135.0',
191 silly pickManifestFromRegistryMetadata   '2.134.0',
191 silly pickManifestFromRegistryMetadata   '2.133.0',
191 silly pickManifestFromRegistryMetadata   '2.132.0',
191 silly pickManifestFromRegistryMetadata   '2.131.0',
191 silly pickManifestFromRegistryMetadata   '2.130.0',
191 silly pickManifestFromRegistryMetadata   '2.129.0',
191 silly pickManifestFromRegistryMetadata   '2.128.0',
191 silly pickManifestFromRegistryMetadata   '2.127.0',
191 silly pickManifestFromRegistryMetadata   '2.126.0',
191 silly pickManifestFromRegistryMetadata   '2.125.0',
191 silly pickManifestFromRegistryMetadata   '2.124.0',
191 silly pickManifestFromRegistryMetadata   '2.123.0',
191 silly pickManifestFromRegistryMetadata   '2.122.0',
191 silly pickManifestFromRegistryMetadata   '2.121.0',
191 silly pickManifestFromRegistryMetadata   '2.120.0',
191 silly pickManifestFromRegistryMetadata   '2.119.0',
191 silly pickManifestFromRegistryMetadata   '2.118.0',
191 silly pickManifestFromRegistryMetadata   '2.117.0',
191 silly pickManifestFromRegistryMetadata   '2.116.0',
191 silly pickManifestFromRegistryMetadata   '2.115.0',
191 silly pickManifestFromRegistryMetadata   '2.114.0',
191 silly pickManifestFromRegistryMetadata   '2.113.0',
191 silly pickManifestFromRegistryMetadata   '2.112.0',
191 silly pickManifestFromRegistryMetadata   '2.111.0',
191 silly pickManifestFromRegistryMetadata   '2.110.0',
191 silly pickManifestFromRegistryMetadata   '2.109.0',
191 silly pickManifestFromRegistryMetadata   '2.108.0',
191 silly pickManifestFromRegistryMetadata   '2.107.0',
191 silly pickManifestFromRegistryMetadata   '2.106.0',
191 silly pickManifestFromRegistryMetadata   '2.105.0',
191 silly pickManifestFromRegistryMetadata   '2.104.0',
191 silly pickManifestFromRegistryMetadata   '2.103.0',
191 silly pickManifestFromRegistryMetadata   '2.102.0',
191 silly pickManifestFromRegistryMetadata   '2.101.0',
191 silly pickManifestFromRegistryMetadata   '2.100.0',
191 silly pickManifestFromRegistryMetadata   '2.99.0',
191 silly pickManifestFromRegistryMetadata   '2.98.0',
191 silly pickManifestFromRegistryMetadata   '2.97.0',
191 silly pickManifestFromRegistryMetadata   '2.96.0',
191 silly pickManifestFromRegistryMetadata   '2.95.0',
191 silly pickManifestFromRegistryMetadata   '2.94.0',
191 silly pickManifestFromRegistryMetadata   '2.93.0',
191 silly pickManifestFromRegistryMetadata   '2.92.0',
191 silly pickManifestFromRegistryMetadata   '2.91.0',
191 silly pickManifestFromRegistryMetadata   '2.90.0',
191 silly pickManifestFromRegistryMetadata   '2.89.0',
191 silly pickManifestFromRegistryMetadata   '2.88.0',
191 silly pickManifestFromRegistryMetadata   '2.87.0',
191 silly pickManifestFromRegistryMetadata   '2.86.0',
191 silly pickManifestFromRegistryMetadata   '2.85.0',
191 silly pickManifestFromRegistryMetadata   '2.84.0',
191 silly pickManifestFromRegistryMetadata   '2.83.0',
191 silly pickManifestFromRegistryMetadata   '2.82.0',
191 silly pickManifestFromRegistryMetadata   '2.81.0',
191 silly pickManifestFromRegistryMetadata   '2.80.0',
191 silly pickManifestFromRegistryMetadata   '2.79.0',
191 silly pickManifestFromRegistryMetadata   '2.78.0',
191 silly pickManifestFromRegistryMetadata   '2.77.0',
191 silly pickManifestFromRegistryMetadata   ... 344 more items ]
192 silly fetchPackageMetaData Error: No compatible version found: aws-sdk@0.9.x
192 silly fetchPackageMetaData Valid install targets:
192 silly fetchPackageMetaData 2.176.0, 2.175.0, 2.174.0, 2.173.0, 2.172.0, 2.171.0, 2.170.0, 2.169.0, 2.168.0, 2.167.0, 2.166.0, 2.165.0, 2.164.0, 2.163.0, 2.162.0, 2.161.0, 2.160.0, 2.159.0, 2.158.0, 2.157.0, 2.156.0, 2.155.0, 2.154.0, 2.153.0, 2.152.0, 2.151.0, 2.150.0, 2.149.0, 2.148.0, 2.147.0, 2.146.0, 2.145.0, 2.144.0, 2.143.0, 2.142.0, 2.141.0, 2.140.0, 2.139.0, 2.138.0, 2.137.0, 2.136.0, 2.135.0, 2.134.0, 2.133.0, 2.132.0, 2.131.0, 2.130.0, 2.129.0, 2.128.0, 2.127.0, 2.126.0, 2.125.0, 2.124.0, 2.123.0, 2.122.0, 2.121.0, 2.120.0, 2.119.0, 2.118.0, 2.117.0, 2.116.0, 2.115.0, 2.114.0, 2.113.0, 2.112.0, 2.111.0, 2.110.0, 2.109.0, 2.108.0, 2.107.0, 2.106.0, 2.105.0, 2.104.0, 2.103.0, 2.102.0, 2.101.0, 2.100.0, 2.99.0, 2.98.0, 2.97.0, 2.96.0, 2.95.0, 2.94.0, 2.93.0, 2.92.0, 2.91.0, 2.90.0, 2.89.0, 2.88.0, 2.87.0, 2.86.0, 2.85.0, 2.84.0, 2.83.0, 2.82.0, 2.81.0, 2.80.0, 2.79.0, 2.78.0, 2.77.0, 2.76.0, 2.75.0, 2.74.0, 2.73.0, 2.72.0, 2.71.0, 2.70.0, 2.69.0, 2.68.0, 2.67.0, 2.66.0, 2.65.0, 2.64.0, 2.63.0, 2.62.0, 2.61.0, 2.60.0, 2.59.0, 2.58.0, 2.57.0, 2.56.0, 2.55.0, 2.54.0, 2.53.0, 2.52.0, 2.51.0, 2.50.0, 2.49.0, 2.48.0, 2.47.0, 2.46.0, 2.45.0, 2.44.0, 2.43.0, 2.42.0, 2.41.0, 2.40.0, 2.39.0, 2.38.0, 2.37.0, 2.36.0, 2.35.0, 2.34.0, 2.33.0, 2.32.0, 2.31.0, 2.30.0, 2.29.0, 2.28.0, 2.27.0, 2.26.0, 2.25.0, 2.24.0, 2.23.0, 2.22.0, 2.21.0, 2.20.0, 2.19.0, 2.18.0, 2.17.0, 2.16.0, 2.15.0, 2.14.0, 2.13.0, 2.12.0, 2.11.0, 2.10.0, 2.9.0, 2.8.0, 2.7.28, 2.7.27, 2.7.26, 2.7.25, 2.7.24, 2.7.23, 2.7.22, 2.7.21, 2.7.20, 2.7.19, 2.7.18, 2.7.17, 2.7.16, 2.7.15, 2.7.14, 2.7.13, 2.7.12, 2.7.11, 2.7.10, 2.7.9, 2.7.8, 2.7.7, 2.7.6, 2.7.5, 2.7.4, 2.7.3, 2.7.2, 2.7.1, 2.7.0, 2.6.15, 2.6.14, 2.6.13, 2.6.12, 2.6.11, 2.6.10, 2.6.9, 2.6.8, 2.6.7, 2.6.6, 2.6.5, 2.6.4, 2.6.3, 2.6.2, 2.6.1, 2.6.0, 2.5.6, 2.5.5, 2.5.4, 2.5.3, 2.5.2, 2.5.1, 2.5.0, 2.4.14, 2.4.13, 2.4.12, 2.4.11, 2.4.10, 2.4.9, 2.4.8, 2.4.7, 2.4.6, 2.4.5, 2.4.4, 2.4.3, 2.4.2, 2.4.1, 2.4.0, 2.3.19, 2.3.18, 2.3.17, 2.3.16, 2.3.15, 2.3.14, 2.3.13, 2.3.12, 2.3.11, 2.3.10, 2.3.9, 2.3.8, 2.3.7, 2.3.6, 2.3.5, 2.3.4, 2.3.3, 2.3.2, 2.3.1, 2.3.0, 2.2.48, 2.2.47, 2.2.46, 2.2.45, 2.2.44, 2.2.43, 2.2.42, 2.2.41, 2.2.40, 2.2.39, 2.2.38, 2.2.37, 2.2.36, 2.2.35, 2.2.34, 2.2.33, 2.2.32, 2.2.31, 2.2.30, 2.2.29, 2.2.28, 2.2.27, 2.2.26, 2.2.25, 2.2.24, 2.2.23, 2.2.22, 2.2.21, 2.2.20, 2.2.19, 2.2.18, 2.2.17, 2.2.16, 2.2.15, 2.2.14, 2.2.13, 2.2.12, 2.2.11, 2.2.10, 2.2.9, 2.2.8, 2.2.7, 2.2.6, 2.2.5, 2.2.4, 2.2.3, 2.2.2, 2.2.1, 2.2.0, 2.1.50, 2.1.49, 2.1.48, 2.1.47, 2.1.46, 2.1.45, 2.1.44, 2.1.43, 2.1.42, 2.1.41, 2.1.40, 2.1.39, 2.1.38, 2.1.37, 2.1.36, 2.1.35, 2.1.34, 2.1.33, 2.1.32, 2.1.31, 2.1.30, 2.1.29, 2.1.28, 2.1.27, 2.1.26, 2.1.25, 2.1.24, 2.1.23, 2.1.22, 2.1.21, 2.1.20, 2.1.19, 2.1.18, 2.1.17, 2.1.16, 2.1.15, 2.1.14, 2.1.13, 2.1.12, 2.1.11, 2.1.10, 2.1.9, 2.1.8, 2.1.7, 2.1.6, 2.1.5, 2.1.4, 2.1.3, 2.1.2, 2.1.1, 2.1.0, 2.0.31, 2.0.30, 2.0.29, 2.0.28, 2.0.27, 2.0.26, 2.0.25, 2.0.24, 2.0.23, 2.0.22, 2.0.21, 2.0.19, 2.0.18, 2.0.17, 2.0.16, 2.0.15, 2.0.14, 2.0.13, 2.0.12, 2.0.11, 2.0.10, 2.0.9, 2.0.8, 2.0.7, 2.0.6, 2.0.5, 2.0.4, 2.0.3, 2.0.2, 2.0.1, 2.0.0-rc.20, 2.0.0-rc.19, 2.0.0-rc.18, 2.0.0-rc.17, 2.0.0-rc.16, 2.0.0-rc.15, 2.0.0-rc.14, 2.0.0-rc9, 1.18.0, 2.0.0-rc8, 1.17.3, 2.0.0-rc7, 1.17.2, 2.0.0-rc6, 1.17.1, 2.0.0-rc4, 2.0.0-rc3, 1.15.0, 2.0.0-rc2, 1.14.0, 1.8.1, 0.9.8-pre.9, 0.9.7-pre.8, 0.9.4-pre.5, 0.9.3-pre.4, 0.9.2-pre.3, 0.9.1-pre.2, 0.9.0-pre.1, 2.0.0-rc13, 2.0.0-rc12, 2.0.0-rc11, 2.0.0-rc10, 2.0.0-rc5, 1.17.0, 1.16.0, 1.13.0, 1.12.0, 2.0.0-rc1, 1.10.0, 1.9.0, 1.8.0, 1.7.1, 1.7.0, 1.6.0, 1.5.2, 1.5.1, 1.5.0, 1.4.1, 1.4.0, 1.3.2, 1.3.1, 1.3.0, 1.2.0, 1.1.0, 1.0.0, 0.9.9-pre.10, 0.9.6-pre.7, 0.9.5-pre.6
192 silly fetchPackageMetaData
192 silly fetchPackageMetaData     at pickVersionFromRegistryDocument (C:\Users\wangj28\AppData\Roaming\nvm\v7.6.0\node_modules\npm\lib\fetch-package-metadata.js:158:16)
192 silly fetchPackageMetaData     at C:\Users\wangj28\AppData\Roaming\nvm\v7.6.0\node_modules\npm\node_modules\iferr\index.js:13:50
192 silly fetchPackageMetaData     at C:\Users\wangj28\AppData\Roaming\nvm\v7.6.0\node_modules\npm\lib\utils\pulse-till-done.js:20:8
192 silly fetchPackageMetaData     at saved (C:\Users\wangj28\AppData\Roaming\nvm\v7.6.0\node_modules\npm\lib\cache\caching-client.js:174:7)
192 silly fetchPackageMetaData     at C:\Users\wangj28\AppData\Roaming\nvm\v7.6.0\node_modules\npm\node_modules\graceful-fs\polyfills.js:261:18
192 silly fetchPackageMetaData     at FSReqWrap.oncomplete (fs.js:114:15)
192 silly fetchPackageMetaData  error for aws-sdk@0.9.x { Error: No compatible version found: aws-sdk@0.9.x
192 silly fetchPackageMetaData Valid install targets:
192 silly fetchPackageMetaData 2.176.0, 2.175.0, 2.174.0, 2.173.0, 2.172.0, 2.171.0, 2.170.0, 2.169.0, 2.168.0, 2.167.0, 2.166.0, 2.165.0, 2.164.0, 2.163.0, 2.162.0, 2.161.0, 2.160.0, 2.159.0, 2.158.0, 2.157.0, 2.156.0, 2.155.0, 2.154.0, 2.153.0, 2.152.0, 2.151.0, 2.150.0, 2.149.0, 2.148.0, 2.147.0, 2.146.0, 2.145.0, 2.144.0, 2.143.0, 2.142.0, 2.141.0, 2.140.0, 2.139.0, 2.138.0, 2.137.0, 2.136.0, 2.135.0, 2.134.0, 2.133.0, 2.132.0, 2.131.0, 2.130.0, 2.129.0, 2.128.0, 2.127.0, 2.126.0, 2.125.0, 2.124.0, 2.123.0, 2.122.0, 2.121.0, 2.120.0, 2.119.0, 2.118.0, 2.117.0, 2.116.0, 2.115.0, 2.114.0, 2.113.0, 2.112.0, 2.111.0, 2.110.0, 2.109.0, 2.108.0, 2.107.0, 2.106.0, 2.105.0, 2.104.0, 2.103.0, 2.102.0, 2.101.0, 2.100.0, 2.99.0, 2.98.0, 2.97.0, 2.96.0, 2.95.0, 2.94.0, 2.93.0, 2.92.0, 2.91.0, 2.90.0, 2.89.0, 2.88.0, 2.87.0, 2.86.0, 2.85.0, 2.84.0, 2.83.0, 2.82.0, 2.81.0, 2.80.0, 2.79.0, 2.78.0, 2.77.0, 2.76.0, 2.75.0, 2.74.0, 2.73.0, 2.72.0, 2.71.0, 2.70.0, 2.69.0, 2.68.0, 2.67.0, 2.66.0, 2.65.0, 2.64.0, 2.63.0, 2.62.0, 2.61.0, 2.60.0, 2.59.0, 2.58.0, 2.57.0, 2.56.0, 2.55.0, 2.54.0, 2.53.0, 2.52.0, 2.51.0, 2.50.0, 2.49.0, 2.48.0, 2.47.0, 2.46.0, 2.45.0, 2.44.0, 2.43.0, 2.42.0, 2.41.0, 2.40.0, 2.39.0, 2.38.0, 2.37.0, 2.36.0, 2.35.0, 2.34.0, 2.33.0, 2.32.0, 2.31.0, 2.30.0, 2.29.0, 2.28.0, 2.27.0, 2.26.0, 2.25.0, 2.24.0, 2.23.0, 2.22.0, 2.21.0, 2.20.0, 2.19.0, 2.18.0, 2.17.0, 2.16.0, 2.15.0, 2.14.0, 2.13.0, 2.12.0, 2.11.0, 2.10.0, 2.9.0, 2.8.0, 2.7.28, 2.7.27, 2.7.26, 2.7.25, 2.7.24, 2.7.23, 2.7.22, 2.7.21, 2.7.20, 2.7.19, 2.7.18, 2.7.17, 2.7.16, 2.7.15, 2.7.14, 2.7.13, 2.7.12, 2.7.11, 2.7.10, 2.7.9, 2.7.8, 2.7.7, 2.7.6, 2.7.5, 2.7.4, 2.7.3, 2.7.2, 2.7.1, 2.7.0, 2.6.15, 2.6.14, 2.6.13, 2.6.12, 2.6.11, 2.6.10, 2.6.9, 2.6.8, 2.6.7, 2.6.6, 2.6.5, 2.6.4, 2.6.3, 2.6.2, 2.6.1, 2.6.0, 2.5.6, 2.5.5, 2.5.4, 2.5.3, 2.5.2, 2.5.1, 2.5.0, 2.4.14, 2.4.13, 2.4.12, 2.4.11, 2.4.10, 2.4.9, 2.4.8, 2.4.7, 2.4.6, 2.4.5, 2.4.4, 2.4.3, 2.4.2, 2.4.1, 2.4.0, 2.3.19, 2.3.18, 2.3.17, 2.3.16, 2.3.15, 2.3.14, 2.3.13, 2.3.12, 2.3.11, 2.3.10, 2.3.9, 2.3.8, 2.3.7, 2.3.6, 2.3.5, 2.3.4, 2.3.3, 2.3.2, 2.3.1, 2.3.0, 2.2.48, 2.2.47, 2.2.46, 2.2.45, 2.2.44, 2.2.43, 2.2.42, 2.2.41, 2.2.40, 2.2.39, 2.2.38, 2.2.37, 2.2.36, 2.2.35, 2.2.34, 2.2.33, 2.2.32, 2.2.31, 2.2.30, 2.2.29, 2.2.28, 2.2.27, 2.2.26, 2.2.25, 2.2.24, 2.2.23, 2.2.22, 2.2.21, 2.2.20, 2.2.19, 2.2.18, 2.2.17, 2.2.16, 2.2.15, 2.2.14, 2.2.13, 2.2.12, 2.2.11, 2.2.10, 2.2.9, 2.2.8, 2.2.7, 2.2.6, 2.2.5, 2.2.4, 2.2.3, 2.2.2, 2.2.1, 2.2.0, 2.1.50, 2.1.49, 2.1.48, 2.1.47, 2.1.46, 2.1.45, 2.1.44, 2.1.43, 2.1.42, 2.1.41, 2.1.40, 2.1.39, 2.1.38, 2.1.37, 2.1.36, 2.1.35, 2.1.34, 2.1.33, 2.1.32, 2.1.31, 2.1.30, 2.1.29, 2.1.28, 2.1.27, 2.1.26, 2.1.25, 2.1.24, 2.1.23, 2.1.22, 2.1.21, 2.1.20, 2.1.19, 2.1.18, 2.1.17, 2.1.16, 2.1.15, 2.1.14, 2.1.13, 2.1.12, 2.1.11, 2.1.10, 2.1.9, 2.1.8, 2.1.7, 2.1.6, 2.1.5, 2.1.4, 2.1.3, 2.1.2, 2.1.1, 2.1.0, 2.0.31, 2.0.30, 2.0.29, 2.0.28, 2.0.27, 2.0.26, 2.0.25, 2.0.24, 2.0.23, 2.0.22, 2.0.21, 2.0.19, 2.0.18, 2.0.17, 2.0.16, 2.0.15, 2.0.14, 2.0.13, 2.0.12, 2.0.11, 2.0.10, 2.0.9, 2.0.8, 2.0.7, 2.0.6, 2.0.5, 2.0.4, 2.0.3, 2.0.2, 2.0.1, 2.0.0-rc.20, 2.0.0-rc.19, 2.0.0-rc.18, 2.0.0-rc.17, 2.0.0-rc.16, 2.0.0-rc.15, 2.0.0-rc.14, 2.0.0-rc9, 1.18.0, 2.0.0-rc8, 1.17.3, 2.0.0-rc7, 1.17.2, 2.0.0-rc6, 1.17.1, 2.0.0-rc4, 2.0.0-rc3, 1.15.0, 2.0.0-rc2, 1.14.0, 1.8.1, 0.9.8-pre.9, 0.9.7-pre.8, 0.9.4-pre.5, 0.9.3-pre.4, 0.9.2-pre.3, 0.9.1-pre.2, 0.9.0-pre.1, 2.0.0-rc13, 2.0.0-rc12, 2.0.0-rc11, 2.0.0-rc10, 2.0.0-rc5, 1.17.0, 1.16.0, 1.13.0, 1.12.0, 2.0.0-rc1, 1.10.0, 1.9.0, 1.8.0, 1.7.1, 1.7.0, 1.6.0, 1.5.2, 1.5.1, 1.5.0, 1.4.1, 1.4.0, 1.3.2, 1.3.1, 1.3.0, 1.2.0, 1.1.0, 1.0.0, 0.9.9-pre.10, 0.9.6-pre.7, 0.9.5-pre.6
192 silly fetchPackageMetaData
192 silly fetchPackageMetaData     at pickVersionFromRegistryDocument (C:\Users\wangj28\AppData\Roaming\nvm\v7.6.0\node_modules\npm\lib\fetch-package-metadata.js:158:16)
192 silly fetchPackageMetaData     at C:\Users\wangj28\AppData\Roaming\nvm\v7.6.0\node_modules\npm\node_modules\iferr\index.js:13:50
192 silly fetchPackageMetaData     at C:\Users\wangj28\AppData\Roaming\nvm\v7.6.0\node_modules\npm\lib\utils\pulse-till-done.js:20:8
192 silly fetchPackageMetaData     at saved (C:\Users\wangj28\AppData\Roaming\nvm\v7.6.0\node_modules\npm\lib\cache\caching-client.js:174:7)
192 silly fetchPackageMetaData     at C:\Users\wangj28\AppData\Roaming\nvm\v7.6.0\node_modules\npm\node_modules\graceful-fs\polyfills.js:261:18
192 silly fetchPackageMetaData     at FSReqWrap.oncomplete (fs.js:114:15) code: 'ETARGET' }
193 silly rollbackFailedOptional Starting
194 silly rollbackFailedOptional Finishing
195 silly runTopLevelLifecycles Finishing
196 silly install printInstalled
197 verbose stack Error: No compatible version found: aws-sdk@0.9.x
197 verbose stack Valid install targets:
197 verbose stack 2.176.0, 2.175.0, 2.174.0, 2.173.0, 2.172.0, 2.171.0, 2.170.0, 2.169.0, 2.168.0, 2.167.0, 2.166.0, 2.165.0, 2.164.0, 2.163.0, 2.162.0, 2.161.0, 2.160.0, 2.159.0, 2.158.0, 2.157.0, 2.156.0, 2.155.0, 2.154.0, 2.153.0, 2.152.0, 2.151.0, 2.150.0, 2.149.0, 2.148.0, 2.147.0, 2.146.0, 2.145.0, 2.144.0, 2.143.0, 2.142.0, 2.141.0, 2.140.0, 2.139.0, 2.138.0, 2.137.0, 2.136.0, 2.135.0, 2.134.0, 2.133.0, 2.132.0, 2.131.0, 2.130.0, 2.129.0, 2.128.0, 2.127.0, 2.126.0, 2.125.0, 2.124.0, 2.123.0, 2.122.0, 2.121.0, 2.120.0, 2.119.0, 2.118.0, 2.117.0, 2.116.0, 2.115.0, 2.114.0, 2.113.0, 2.112.0, 2.111.0, 2.110.0, 2.109.0, 2.108.0, 2.107.0, 2.106.0, 2.105.0, 2.104.0, 2.103.0, 2.102.0, 2.101.0, 2.100.0, 2.99.0, 2.98.0, 2.97.0, 2.96.0, 2.95.0, 2.94.0, 2.93.0, 2.92.0, 2.91.0, 2.90.0, 2.89.0, 2.88.0, 2.87.0, 2.86.0, 2.85.0, 2.84.0, 2.83.0, 2.82.0, 2.81.0, 2.80.0, 2.79.0, 2.78.0, 2.77.0, 2.76.0, 2.75.0, 2.74.0, 2.73.0, 2.72.0, 2.71.0, 2.70.0, 2.69.0, 2.68.0, 2.67.0, 2.66.0, 2.65.0, 2.64.0, 2.63.0, 2.62.0, 2.61.0, 2.60.0, 2.59.0, 2.58.0, 2.57.0, 2.56.0, 2.55.0, 2.54.0, 2.53.0, 2.52.0, 2.51.0, 2.50.0, 2.49.0, 2.48.0, 2.47.0, 2.46.0, 2.45.0, 2.44.0, 2.43.0, 2.42.0, 2.41.0, 2.40.0, 2.39.0, 2.38.0, 2.37.0, 2.36.0, 2.35.0, 2.34.0, 2.33.0, 2.32.0, 2.31.0, 2.30.0, 2.29.0, 2.28.0, 2.27.0, 2.26.0, 2.25.0, 2.24.0, 2.23.0, 2.22.0, 2.21.0, 2.20.0, 2.19.0, 2.18.0, 2.17.0, 2.16.0, 2.15.0, 2.14.0, 2.13.0, 2.12.0, 2.11.0, 2.10.0, 2.9.0, 2.8.0, 2.7.28, 2.7.27, 2.7.26, 2.7.25, 2.7.24, 2.7.23, 2.7.22, 2.7.21, 2.7.20, 2.7.19, 2.7.18, 2.7.17, 2.7.16, 2.7.15, 2.7.14, 2.7.13, 2.7.12, 2.7.11, 2.7.10, 2.7.9, 2.7.8, 2.7.7, 2.7.6, 2.7.5, 2.7.4, 2.7.3, 2.7.2, 2.7.1, 2.7.0, 2.6.15, 2.6.14, 2.6.13, 2.6.12, 2.6.11, 2.6.10, 2.6.9, 2.6.8, 2.6.7, 2.6.6, 2.6.5, 2.6.4, 2.6.3, 2.6.2, 2.6.1, 2.6.0, 2.5.6, 2.5.5, 2.5.4, 2.5.3, 2.5.2, 2.5.1, 2.5.0, 2.4.14, 2.4.13, 2.4.12, 2.4.11, 2.4.10, 2.4.9, 2.4.8, 2.4.7, 2.4.6, 2.4.5, 2.4.4, 2.4.3, 2.4.2, 2.4.1, 2.4.0, 2.3.19, 2.3.18, 2.3.17, 2.3.16, 2.3.15, 2.3.14, 2.3.13, 2.3.12, 2.3.11, 2.3.10, 2.3.9, 2.3.8, 2.3.7, 2.3.6, 2.3.5, 2.3.4, 2.3.3, 2.3.2, 2.3.1, 2.3.0, 2.2.48, 2.2.47, 2.2.46, 2.2.45, 2.2.44, 2.2.43, 2.2.42, 2.2.41, 2.2.40, 2.2.39, 2.2.38, 2.2.37, 2.2.36, 2.2.35, 2.2.34, 2.2.33, 2.2.32, 2.2.31, 2.2.30, 2.2.29, 2.2.28, 2.2.27, 2.2.26, 2.2.25, 2.2.24, 2.2.23, 2.2.22, 2.2.21, 2.2.20, 2.2.19, 2.2.18, 2.2.17, 2.2.16, 2.2.15, 2.2.14, 2.2.13, 2.2.12, 2.2.11, 2.2.10, 2.2.9, 2.2.8, 2.2.7, 2.2.6, 2.2.5, 2.2.4, 2.2.3, 2.2.2, 2.2.1, 2.2.0, 2.1.50, 2.1.49, 2.1.48, 2.1.47, 2.1.46, 2.1.45, 2.1.44, 2.1.43, 2.1.42, 2.1.41, 2.1.40, 2.1.39, 2.1.38, 2.1.37, 2.1.36, 2.1.35, 2.1.34, 2.1.33, 2.1.32, 2.1.31, 2.1.30, 2.1.29, 2.1.28, 2.1.27, 2.1.26, 2.1.25, 2.1.24, 2.1.23, 2.1.22, 2.1.21, 2.1.20, 2.1.19, 2.1.18, 2.1.17, 2.1.16, 2.1.15, 2.1.14, 2.1.13, 2.1.12, 2.1.11, 2.1.10, 2.1.9, 2.1.8, 2.1.7, 2.1.6, 2.1.5, 2.1.4, 2.1.3, 2.1.2, 2.1.1, 2.1.0, 2.0.31, 2.0.30, 2.0.29, 2.0.28, 2.0.27, 2.0.26, 2.0.25, 2.0.24, 2.0.23, 2.0.22, 2.0.21, 2.0.19, 2.0.18, 2.0.17, 2.0.16, 2.0.15, 2.0.14, 2.0.13, 2.0.12, 2.0.11, 2.0.10, 2.0.9, 2.0.8, 2.0.7, 2.0.6, 2.0.5, 2.0.4, 2.0.3, 2.0.2, 2.0.1, 2.0.0-rc.20, 2.0.0-rc.19, 2.0.0-rc.18, 2.0.0-rc.17, 2.0.0-rc.16, 2.0.0-rc.15, 2.0.0-rc.14, 2.0.0-rc9, 1.18.0, 2.0.0-rc8, 1.17.3, 2.0.0-rc7, 1.17.2, 2.0.0-rc6, 1.17.1, 2.0.0-rc4, 2.0.0-rc3, 1.15.0, 2.0.0-rc2, 1.14.0, 1.8.1, 0.9.8-pre.9, 0.9.7-pre.8, 0.9.4-pre.5, 0.9.3-pre.4, 0.9.2-pre.3, 0.9.1-pre.2, 0.9.0-pre.1, 2.0.0-rc13, 2.0.0-rc12, 2.0.0-rc11, 2.0.0-rc10, 2.0.0-rc5, 1.17.0, 1.16.0, 1.13.0, 1.12.0, 2.0.0-rc1, 1.10.0, 1.9.0, 1.8.0, 1.7.1, 1.7.0, 1.6.0, 1.5.2, 1.5.1, 1.5.0, 1.4.1, 1.4.0, 1.3.2, 1.3.1, 1.3.0, 1.2.0, 1.1.0, 1.0.0, 0.9.9-pre.10, 0.9.6-pre.7, 0.9.5-pre.6
197 verbose stack
197 verbose stack     at pickVersionFromRegistryDocument (C:\Users\wangj28\AppData\Roaming\nvm\v7.6.0\node_modules\npm\lib\fetch-package-metadata.js:158:16)
197 verbose stack     at C:\Users\wangj28\AppData\Roaming\nvm\v7.6.0\node_modules\npm\node_modules\iferr\index.js:13:50
197 verbose stack     at C:\Users\wangj28\AppData\Roaming\nvm\v7.6.0\node_modules\npm\lib\utils\pulse-till-done.js:20:8
197 verbose stack     at saved (C:\Users\wangj28\AppData\Roaming\nvm\v7.6.0\node_modules\npm\lib\cache\caching-client.js:174:7)
197 verbose stack     at C:\Users\wangj28\AppData\Roaming\nvm\v7.6.0\node_modules\npm\node_modules\graceful-fs\polyfills.js:261:18
197 verbose stack     at FSReqWrap.oncomplete (fs.js:114:15)
198 verbose cwd F:\code\jiingwang.github.io\parcel-demo
199 error Windows_NT 10.0.15063
200 error argv "C:\\Program Files\\nodejs\\node.exe" "C:\\Program Files\\nodejs\\node_modules\\npm\\bin\\npm-cli.js" "install" "-g" "parcel" "--registry=https://registry.npm.taobao.org"
201 error node v7.6.0
202 error npm  v4.1.2
203 error code ETARGET
204 error notarget No compatible version found: aws-sdk@0.9.x
204 error notarget Valid install targets:
204 error notarget 2.176.0, 2.175.0, 2.174.0, 2.173.0, 2.172.0, 2.171.0, 2.170.0, 2.169.0, 2.168.0, 2.167.0, 2.166.0, 2.165.0, 2.164.0, 2.163.0, 2.162.0, 2.161.0, 2.160.0, 2.159.0, 2.158.0, 2.157.0, 2.156.0, 2.155.0, 2.154.0, 2.153.0, 2.152.0, 2.151.0, 2.150.0, 2.149.0, 2.148.0, 2.147.0, 2.146.0, 2.145.0, 2.144.0, 2.143.0, 2.142.0, 2.141.0, 2.140.0, 2.139.0, 2.138.0, 2.137.0, 2.136.0, 2.135.0, 2.134.0, 2.133.0, 2.132.0, 2.131.0, 2.130.0, 2.129.0, 2.128.0, 2.127.0, 2.126.0, 2.125.0, 2.124.0, 2.123.0, 2.122.0, 2.121.0, 2.120.0, 2.119.0, 2.118.0, 2.117.0, 2.116.0, 2.115.0, 2.114.0, 2.113.0, 2.112.0, 2.111.0, 2.110.0, 2.109.0, 2.108.0, 2.107.0, 2.106.0, 2.105.0, 2.104.0, 2.103.0, 2.102.0, 2.101.0, 2.100.0, 2.99.0, 2.98.0, 2.97.0, 2.96.0, 2.95.0, 2.94.0, 2.93.0, 2.92.0, 2.91.0, 2.90.0, 2.89.0, 2.88.0, 2.87.0, 2.86.0, 2.85.0, 2.84.0, 2.83.0, 2.82.0, 2.81.0, 2.80.0, 2.79.0, 2.78.0, 2.77.0, 2.76.0, 2.75.0, 2.74.0, 2.73.0, 2.72.0, 2.71.0, 2.70.0, 2.69.0, 2.68.0, 2.67.0, 2.66.0, 2.65.0, 2.64.0, 2.63.0, 2.62.0, 2.61.0, 2.60.0, 2.59.0, 2.58.0, 2.57.0, 2.56.0, 2.55.0, 2.54.0, 2.53.0, 2.52.0, 2.51.0, 2.50.0, 2.49.0, 2.48.0, 2.47.0, 2.46.0, 2.45.0, 2.44.0, 2.43.0, 2.42.0, 2.41.0, 2.40.0, 2.39.0, 2.38.0, 2.37.0, 2.36.0, 2.35.0, 2.34.0, 2.33.0, 2.32.0, 2.31.0, 2.30.0, 2.29.0, 2.28.0, 2.27.0, 2.26.0, 2.25.0, 2.24.0, 2.23.0, 2.22.0, 2.21.0, 2.20.0, 2.19.0, 2.18.0, 2.17.0, 2.16.0, 2.15.0, 2.14.0, 2.13.0, 2.12.0, 2.11.0, 2.10.0, 2.9.0, 2.8.0, 2.7.28, 2.7.27, 2.7.26, 2.7.25, 2.7.24, 2.7.23, 2.7.22, 2.7.21, 2.7.20, 2.7.19, 2.7.18, 2.7.17, 2.7.16, 2.7.15, 2.7.14, 2.7.13, 2.7.12, 2.7.11, 2.7.10, 2.7.9, 2.7.8, 2.7.7, 2.7.6, 2.7.5, 2.7.4, 2.7.3, 2.7.2, 2.7.1, 2.7.0, 2.6.15, 2.6.14, 2.6.13, 2.6.12, 2.6.11, 2.6.10, 2.6.9, 2.6.8, 2.6.7, 2.6.6, 2.6.5, 2.6.4, 2.6.3, 2.6.2, 2.6.1, 2.6.0, 2.5.6, 2.5.5, 2.5.4, 2.5.3, 2.5.2, 2.5.1, 2.5.0, 2.4.14, 2.4.13, 2.4.12, 2.4.11, 2.4.10, 2.4.9, 2.4.8, 2.4.7, 2.4.6, 2.4.5, 2.4.4, 2.4.3, 2.4.2, 2.4.1, 2.4.0, 2.3.19, 2.3.18, 2.3.17, 2.3.16, 2.3.15, 2.3.14, 2.3.13, 2.3.12, 2.3.11, 2.3.10, 2.3.9, 2.3.8, 2.3.7, 2.3.6, 2.3.5, 2.3.4, 2.3.3, 2.3.2, 2.3.1, 2.3.0, 2.2.48, 2.2.47, 2.2.46, 2.2.45, 2.2.44, 2.2.43, 2.2.42, 2.2.41, 2.2.40, 2.2.39, 2.2.38, 2.2.37, 2.2.36, 2.2.35, 2.2.34, 2.2.33, 2.2.32, 2.2.31, 2.2.30, 2.2.29, 2.2.28, 2.2.27, 2.2.26, 2.2.25, 2.2.24, 2.2.23, 2.2.22, 2.2.21, 2.2.20, 2.2.19, 2.2.18, 2.2.17, 2.2.16, 2.2.15, 2.2.14, 2.2.13, 2.2.12, 2.2.11, 2.2.10, 2.2.9, 2.2.8, 2.2.7, 2.2.6, 2.2.5, 2.2.4, 2.2.3, 2.2.2, 2.2.1, 2.2.0, 2.1.50, 2.1.49, 2.1.48, 2.1.47, 2.1.46, 2.1.45, 2.1.44, 2.1.43, 2.1.42, 2.1.41, 2.1.40, 2.1.39, 2.1.38, 2.1.37, 2.1.36, 2.1.35, 2.1.34, 2.1.33, 2.1.32, 2.1.31, 2.1.30, 2.1.29, 2.1.28, 2.1.27, 2.1.26, 2.1.25, 2.1.24, 2.1.23, 2.1.22, 2.1.21, 2.1.20, 2.1.19, 2.1.18, 2.1.17, 2.1.16, 2.1.15, 2.1.14, 2.1.13, 2.1.12, 2.1.11, 2.1.10, 2.1.9, 2.1.8, 2.1.7, 2.1.6, 2.1.5, 2.1.4, 2.1.3, 2.1.2, 2.1.1, 2.1.0, 2.0.31, 2.0.30, 2.0.29, 2.0.28, 2.0.27, 2.0.26, 2.0.25, 2.0.24, 2.0.23, 2.0.22, 2.0.21, 2.0.19, 2.0.18, 2.0.17, 2.0.16, 2.0.15, 2.0.14, 2.0.13, 2.0.12, 2.0.11, 2.0.10, 2.0.9, 2.0.8, 2.0.7, 2.0.6, 2.0.5, 2.0.4, 2.0.3, 2.0.2, 2.0.1, 2.0.0-rc.20, 2.0.0-rc.19, 2.0.0-rc.18, 2.0.0-rc.17, 2.0.0-rc.16, 2.0.0-rc.15, 2.0.0-rc.14, 2.0.0-rc9, 1.18.0, 2.0.0-rc8, 1.17.3, 2.0.0-rc7, 1.17.2, 2.0.0-rc6, 1.17.1, 2.0.0-rc4, 2.0.0-rc3, 1.15.0, 2.0.0-rc2, 1.14.0, 1.8.1, 0.9.8-pre.9, 0.9.7-pre.8, 0.9.4-pre.5, 0.9.3-pre.4, 0.9.2-pre.3, 0.9.1-pre.2, 0.9.0-pre.1, 2.0.0-rc13, 2.0.0-rc12, 2.0.0-rc11, 2.0.0-rc10, 2.0.0-rc5, 1.17.0, 1.16.0, 1.13.0, 1.12.0, 2.0.0-rc1, 1.10.0, 1.9.0, 1.8.0, 1.7.1, 1.7.0, 1.6.0, 1.5.2, 1.5.1, 1.5.0, 1.4.1, 1.4.0, 1.3.2, 1.3.1, 1.3.0, 1.2.0, 1.1.0, 1.0.0, 0.9.9-pre.10, 0.9.6-pre.7, 0.9.5-pre.6
205 error notarget This is most likely not a problem with npm itself.
205 error notarget In most cases you or one of your dependencies are requesting
205 error notarget a package version that doesn't exist.
205 error notarget
205 error notarget It was specified as a dependency of 'parcel'
206 verbose exit [ 1, true ]
