Arguments: 
  C:\Program Files\nodejs\node.exe C:\Users\wangj28\AppData\Roaming\npm\node_modules\yarn\bin\yarn.js init

PATH: 
  C:\Users\wangj28\bin;C:\Program Files\Git\mingw64\bin;C:\Program Files\Git\usr\local\bin;C:\Program Files\Git\usr\bin;C:\Program Files\Git\usr\bin;C:\Program Files\Git\mingw64\bin;C:\Program Files\Git\usr\bin;C:\Users\wangj28\bin;C:\windows\system32;C:\windows;C:\windows\System32\Wbem;C:\windows\System32\WindowsPowerShell\v1.0;C:\Program Files\Git\cmd;C:\Program Files (x86)\Git\libexec\git-core;C:\Program Files (x86)\Git\bin;C:\HashiCorp\Vagrant\bin;C:\Program Files\TortoiseSVN\bin;%NVM_HOME%;%NVM_SYMLINK%;C:\Users\wangj28\scoop\shims;C:\Users\wangj28\AppData\Local\Microsoft\WindowsApps;C:\Program Files\Docker Toolbox;C:\Program Files\Microsoft VS Code\bin;C:\Users\wangj28\AppData\Roaming\npm;C:\Users\wangj28\AppData\Roaming\nvm;C:\Program Files\nodejs;C:\Program Files\Git\usr\bin\vendor_perl;C:\Program Files\Git\usr\bin\core_perl

Yarn version: 
  1.3.2

Node version: 
  7.6.0

Platform: 
  win32 x64

npm manifest: 
  No manifest

yarn manifest: 
  No manifest

Lockfile: 
  No lockfile

Trace: 
  Error: Can't answer a question unless a user TTY
      at ConsoleReporter.question (C:\Users\wangj28\AppData\Roaming\npm\node_modules\yarn\lib\cli.js:87314:59)
      at Object.<anonymous> (C:\Users\wangj28\AppData\Roaming\npm\node_modules\yarn\lib\cli.js:81822:38)
      at Generator.next (<anonymous>)
      at step (C:\Users\wangj28\AppData\Roaming\npm\node_modules\yarn\lib\cli.js:92:30)
      at C:\Users\wangj28\AppData\Roaming\npm\node_modules\yarn\lib\cli.js:103:13
